2020-04-06 15:33:04.156 [restartedMain] INFO  com.dmzcoding.walnuts.WalnutsKtApplicationKt - Starting WalnutsKtApplicationKt on PC-MC with PID 11524 (C:\Users\zhouw\workspace\kotlinboot\walnuts\build\classes\kotlin\main started by zhouw in C:\Users\zhouw\workspace\kotlinboot\walnuts)
2020-04-06 15:33:04.158 [restartedMain] INFO  com.dmzcoding.walnuts.WalnutsKtApplicationKt - No active profile set, falling back to default profiles: default
2020-04-06 15:33:04.198 [restartedMain] INFO  o.s.boot.devtools.restart.ChangeableUrls - The Class-Path manifest attribute in C:\Users\zhouw\.gradle\caches\modules-2\files-2.1\org.glassfish.jaxb\jaxb-runtime\2.3.2\5528bc882ea499a09d720b42af11785c4fc6be2a\jaxb-runtime-2.3.2.jar referenced one or more files that do not exist: file:/C:/Users/zhouw/.gradle/caches/modules-2/files-2.1/org.glassfish.jaxb/jaxb-runtime/2.3.2/5528bc882ea499a09d720b42af11785c4fc6be2a/jakarta.xml.bind-api-2.3.2.jar,file:/C:/Users/zhouw/.gradle/caches/modules-2/files-2.1/org.glassfish.jaxb/jaxb-runtime/2.3.2/5528bc882ea499a09d720b42af11785c4fc6be2a/txw2-2.3.2.jar,file:/C:/Users/zhouw/.gradle/caches/modules-2/files-2.1/org.glassfish.jaxb/jaxb-runtime/2.3.2/5528bc882ea499a09d720b42af11785c4fc6be2a/istack-commons-runtime-3.0.8.jar,file:/C:/Users/zhouw/.gradle/caches/modules-2/files-2.1/org.glassfish.jaxb/jaxb-runtime/2.3.2/5528bc882ea499a09d720b42af11785c4fc6be2a/stax-ex-1.8.1.jar,file:/C:/Users/zhouw/.gradle/caches/modules-2/files-2.1/org.glassfish.jaxb/jaxb-runtime/2.3.2/5528bc882ea499a09d720b42af11785c4fc6be2a/FastInfoset-1.2.16.jar,file:/C:/Users/zhouw/.gradle/caches/modules-2/files-2.1/org.glassfish.jaxb/jaxb-runtime/2.3.2/5528bc882ea499a09d720b42af11785c4fc6be2a/jakarta.activation-api-1.2.1.jar
2020-04-06 15:33:04.198 [restartedMain] INFO  o.s.b.d.env.DevToolsPropertyDefaultsPostProcessor - Devtools property defaults active! Set 'spring.devtools.add-properties' to 'false' to disable
2020-04-06 15:33:04.199 [restartedMain] INFO  o.s.b.d.env.DevToolsPropertyDefaultsPostProcessor - For additional web related logging consider setting the 'logging.level.web' property to 'DEBUG'
2020-04-06 15:33:04.852 [restartedMain] INFO  o.s.d.r.config.RepositoryConfigurationDelegate - Bootstrapping Spring Data JPA repositories in DEFAULT mode.
2020-04-06 15:33:04.922 [restartedMain] INFO  o.s.d.r.config.RepositoryConfigurationDelegate - Finished Spring Data repository scanning in 62ms. Found 3 JPA repository interfaces.
2020-04-06 15:33:05.232 [restartedMain] INFO  o.s.c.s.PostProcessorRegistrationDelegate$BeanPostProcessorChecker - Bean 'org.springframework.security.config.annotation.configuration.ObjectPostProcessorConfiguration' of type [org.springframework.security.config.annotation.configuration.ObjectPostProcessorConfiguration] is not eligible for getting processed by all BeanPostProcessors (for example: not eligible for auto-proxying)
2020-04-06 15:33:05.237 [restartedMain] INFO  o.s.c.s.PostProcessorRegistrationDelegate$BeanPostProcessorChecker - Bean 'objectPostProcessor' of type [org.springframework.security.config.annotation.configuration.AutowireBeanFactoryObjectPostProcessor] is not eligible for getting processed by all BeanPostProcessors (for example: not eligible for auto-proxying)
2020-04-06 15:33:05.240 [restartedMain] INFO  o.s.c.s.PostProcessorRegistrationDelegate$BeanPostProcessorChecker - Bean 'org.springframework.security.access.expression.method.DefaultMethodSecurityExpressionHandler@172b4549' of type [org.springframework.security.access.expression.method.DefaultMethodSecurityExpressionHandler] is not eligible for getting processed by all BeanPostProcessors (for example: not eligible for auto-proxying)
2020-04-06 15:33:05.243 [restartedMain] INFO  o.s.c.s.PostProcessorRegistrationDelegate$BeanPostProcessorChecker - Bean 'org.springframework.security.config.annotation.method.configuration.GlobalMethodSecurityConfiguration' of type [org.springframework.security.config.annotation.method.configuration.GlobalMethodSecurityConfiguration] is not eligible for getting processed by all BeanPostProcessors (for example: not eligible for auto-proxying)
2020-04-06 15:33:05.246 [restartedMain] INFO  o.s.c.s.PostProcessorRegistrationDelegate$BeanPostProcessorChecker - Bean 'methodSecurityMetadataSource' of type [org.springframework.security.access.method.DelegatingMethodSecurityMetadataSource] is not eligible for getting processed by all BeanPostProcessors (for example: not eligible for auto-proxying)
2020-04-06 15:33:05.853 [restartedMain] INFO  o.s.boot.web.embedded.tomcat.TomcatWebServer - Tomcat initialized with port(s): 8080 (http)
2020-04-06 15:33:05.861 [restartedMain] INFO  org.apache.coyote.http11.Http11NioProtocol - Initializing ProtocolHandler ["http-nio-8080"]
2020-04-06 15:33:05.861 [restartedMain] INFO  org.apache.catalina.core.StandardService - Starting service [Tomcat]
2020-04-06 15:33:05.862 [restartedMain] INFO  org.apache.catalina.core.StandardEngine - Starting Servlet engine: [Apache Tomcat/9.0.31]
2020-04-06 15:33:05.994 [restartedMain] INFO  o.a.c.core.ContainerBase.[Tomcat].[localhost].[/] - Initializing Spring embedded WebApplicationContext
2020-04-06 15:33:05.994 [restartedMain] INFO  org.springframework.web.context.ContextLoader - Root WebApplicationContext: initialization completed in 1795 ms
2020-04-06 15:33:06.025 [restartedMain] INFO  com.zaxxer.hikari.HikariDataSource - HikariPool-1 - Starting...
2020-04-06 15:33:06.111 [restartedMain] INFO  com.zaxxer.hikari.HikariDataSource - HikariPool-1 - Start completed.
2020-04-06 15:33:06.116 [restartedMain] INFO  o.s.b.autoconfigure.h2.H2ConsoleAutoConfiguration - H2 console available at '/h2-console'. Database available at 'jdbc:h2:mem:testdb'
2020-04-06 15:33:06.249 [restartedMain] INFO  org.hibernate.jpa.internal.util.LogHelper - HHH000204: Processing PersistenceUnitInfo [name: default]
2020-04-06 15:33:06.312 [restartedMain] INFO  org.hibernate.Version - HHH000412: Hibernate ORM core version 5.4.12.Final
2020-04-06 15:33:06.432 [restartedMain] INFO  org.hibernate.annotations.common.Version - HCANN000001: Hibernate Commons Annotations {5.1.0.Final}
2020-04-06 15:33:06.539 [restartedMain] INFO  org.hibernate.dialect.Dialect - HHH000400: Using dialect: org.hibernate.dialect.H2Dialect
2020-04-06 15:33:07.104 [restartedMain] INFO  o.h.e.t.jta.platform.internal.JtaPlatformInitiator - HHH000490: Using JtaPlatform implementation: [org.hibernate.engine.transaction.jta.platform.internal.NoJtaPlatform]
2020-04-06 15:33:07.111 [restartedMain] INFO  o.s.orm.jpa.LocalContainerEntityManagerFactoryBean - Initialized JPA EntityManagerFactory for persistence unit 'default'
2020-04-06 15:33:07.127 [restartedMain] INFO  o.s.b.d.autoconfigure.OptionalLiveReloadServer - LiveReload server is running on port 35729
2020-04-06 15:33:07.454 [restartedMain] INFO  o.s.b.a.s.s.UserDetailsServiceAutoConfiguration - 

Using generated security password: 8beb6013-841b-41e2-b436-0d3e19864f9f

2020-04-06 15:33:07.525 [restartedMain] INFO  com.dmzcoding.walnuts.config.SecurityConfig - SecurityConfigurerInited
2020-04-06 15:33:07.528 [restartedMain] INFO  o.s.security.web.DefaultSecurityFilterChain - Creating filter chain: Ant [pattern='/assets/**'], []
2020-04-06 15:33:07.529 [restartedMain] INFO  o.s.security.web.DefaultSecurityFilterChain - Creating filter chain: Ant [pattern='/webjars/**'], []
2020-04-06 15:33:07.568 [restartedMain] INFO  o.s.security.web.DefaultSecurityFilterChain - Creating filter chain: any request, [org.springframework.security.web.context.request.async.WebAsyncManagerIntegrationFilter@13e63bca, org.springframework.security.web.context.SecurityContextPersistenceFilter@32be2be3, org.springframework.security.web.header.HeaderWriterFilter@5e8ed24d, org.springframework.security.web.csrf.CsrfFilter@364ae4ee, org.springframework.security.web.authentication.logout.LogoutFilter@34f39ff0, org.springframework.security.web.authentication.UsernamePasswordAuthenticationFilter@6b2047eb, org.springframework.security.web.authentication.www.BasicAuthenticationFilter@43ade387, org.springframework.security.web.savedrequest.RequestCacheAwareFilter@6a828de6, org.springframework.security.web.servletapi.SecurityContextHolderAwareRequestFilter@236465eb, org.springframework.security.web.authentication.AnonymousAuthenticationFilter@6c5cf5f, org.springframework.security.web.session.SessionManagementFilter@b861975, org.springframework.security.web.access.ExceptionTranslationFilter@63f2b222, org.springframework.security.web.access.intercept.FilterSecurityInterceptor@131cd5fe]
2020-04-06 15:33:07.920 [restartedMain] INFO  o.s.scheduling.concurrent.ThreadPoolTaskExecutor - Initializing ExecutorService 'applicationTaskExecutor'
2020-04-06 15:33:07.982 [restartedMain] INFO  o.s.b.a.web.servlet.WelcomePageHandlerMapping - Adding welcome page template: index
2020-04-06 15:33:08.646 [restartedMain] INFO  org.apache.coyote.http11.Http11NioProtocol - Starting ProtocolHandler ["http-nio-8080"]
2020-04-06 15:33:08.669 [restartedMain] INFO  o.s.boot.web.embedded.tomcat.TomcatWebServer - Tomcat started on port(s): 8080 (http) with context path ''
2020-04-06 15:33:08.671 [restartedMain] INFO  com.dmzcoding.walnuts.WalnutsKtApplicationKt - Started WalnutsKtApplicationKt in 4.812 seconds (JVM running for 5.459)
2020-04-06 15:35:51.839 [restartedMain] INFO  com.dmzcoding.walnuts.WalnutsKtApplicationKt - Starting WalnutsKtApplicationKt on PC-MC with PID 5212 (C:\Users\zhouw\workspace\kotlinboot\walnuts\build\classes\kotlin\main started by zhouw in C:\Users\zhouw\workspace\kotlinboot\walnuts)
2020-04-06 15:35:51.841 [restartedMain] INFO  com.dmzcoding.walnuts.WalnutsKtApplicationKt - No active profile set, falling back to default profiles: default
2020-04-06 15:35:51.881 [restartedMain] INFO  o.s.boot.devtools.restart.ChangeableUrls - The Class-Path manifest attribute in C:\Users\zhouw\.gradle\caches\modules-2\files-2.1\org.glassfish.jaxb\jaxb-runtime\2.3.2\5528bc882ea499a09d720b42af11785c4fc6be2a\jaxb-runtime-2.3.2.jar referenced one or more files that do not exist: file:/C:/Users/zhouw/.gradle/caches/modules-2/files-2.1/org.glassfish.jaxb/jaxb-runtime/2.3.2/5528bc882ea499a09d720b42af11785c4fc6be2a/jakarta.xml.bind-api-2.3.2.jar,file:/C:/Users/zhouw/.gradle/caches/modules-2/files-2.1/org.glassfish.jaxb/jaxb-runtime/2.3.2/5528bc882ea499a09d720b42af11785c4fc6be2a/txw2-2.3.2.jar,file:/C:/Users/zhouw/.gradle/caches/modules-2/files-2.1/org.glassfish.jaxb/jaxb-runtime/2.3.2/5528bc882ea499a09d720b42af11785c4fc6be2a/istack-commons-runtime-3.0.8.jar,file:/C:/Users/zhouw/.gradle/caches/modules-2/files-2.1/org.glassfish.jaxb/jaxb-runtime/2.3.2/5528bc882ea499a09d720b42af11785c4fc6be2a/stax-ex-1.8.1.jar,file:/C:/Users/zhouw/.gradle/caches/modules-2/files-2.1/org.glassfish.jaxb/jaxb-runtime/2.3.2/5528bc882ea499a09d720b42af11785c4fc6be2a/FastInfoset-1.2.16.jar,file:/C:/Users/zhouw/.gradle/caches/modules-2/files-2.1/org.glassfish.jaxb/jaxb-runtime/2.3.2/5528bc882ea499a09d720b42af11785c4fc6be2a/jakarta.activation-api-1.2.1.jar
2020-04-06 15:35:51.881 [restartedMain] INFO  o.s.b.d.env.DevToolsPropertyDefaultsPostProcessor - Devtools property defaults active! Set 'spring.devtools.add-properties' to 'false' to disable
2020-04-06 15:35:51.881 [restartedMain] INFO  o.s.b.d.env.DevToolsPropertyDefaultsPostProcessor - For additional web related logging consider setting the 'logging.level.web' property to 'DEBUG'
2020-04-06 15:35:52.552 [restartedMain] INFO  o.s.d.r.config.RepositoryConfigurationDelegate - Bootstrapping Spring Data JPA repositories in DEFAULT mode.
2020-04-06 15:35:52.619 [restartedMain] INFO  o.s.d.r.config.RepositoryConfigurationDelegate - Finished Spring Data repository scanning in 59ms. Found 3 JPA repository interfaces.
2020-04-06 15:35:52.929 [restartedMain] INFO  o.s.c.s.PostProcessorRegistrationDelegate$BeanPostProcessorChecker - Bean 'org.springframework.security.config.annotation.configuration.ObjectPostProcessorConfiguration' of type [org.springframework.security.config.annotation.configuration.ObjectPostProcessorConfiguration] is not eligible for getting processed by all BeanPostProcessors (for example: not eligible for auto-proxying)
2020-04-06 15:35:52.932 [restartedMain] INFO  o.s.c.s.PostProcessorRegistrationDelegate$BeanPostProcessorChecker - Bean 'objectPostProcessor' of type [org.springframework.security.config.annotation.configuration.AutowireBeanFactoryObjectPostProcessor] is not eligible for getting processed by all BeanPostProcessors (for example: not eligible for auto-proxying)
2020-04-06 15:35:52.934 [restartedMain] INFO  o.s.c.s.PostProcessorRegistrationDelegate$BeanPostProcessorChecker - Bean 'org.springframework.security.access.expression.method.DefaultMethodSecurityExpressionHandler@6c00c912' of type [org.springframework.security.access.expression.method.DefaultMethodSecurityExpressionHandler] is not eligible for getting processed by all BeanPostProcessors (for example: not eligible for auto-proxying)
2020-04-06 15:35:52.939 [restartedMain] INFO  o.s.c.s.PostProcessorRegistrationDelegate$BeanPostProcessorChecker - Bean 'org.springframework.security.config.annotation.method.configuration.GlobalMethodSecurityConfiguration' of type [org.springframework.security.config.annotation.method.configuration.GlobalMethodSecurityConfiguration] is not eligible for getting processed by all BeanPostProcessors (for example: not eligible for auto-proxying)
2020-04-06 15:35:52.941 [restartedMain] INFO  o.s.c.s.PostProcessorRegistrationDelegate$BeanPostProcessorChecker - Bean 'methodSecurityMetadataSource' of type [org.springframework.security.access.method.DelegatingMethodSecurityMetadataSource] is not eligible for getting processed by all BeanPostProcessors (for example: not eligible for auto-proxying)
2020-04-06 15:35:53.536 [restartedMain] INFO  o.s.boot.web.embedded.tomcat.TomcatWebServer - Tomcat initialized with port(s): 8080 (http)
2020-04-06 15:35:53.545 [restartedMain] INFO  org.apache.coyote.http11.Http11NioProtocol - Initializing ProtocolHandler ["http-nio-8080"]
2020-04-06 15:35:53.545 [restartedMain] INFO  org.apache.catalina.core.StandardService - Starting service [Tomcat]
2020-04-06 15:35:53.545 [restartedMain] INFO  org.apache.catalina.core.StandardEngine - Starting Servlet engine: [Apache Tomcat/9.0.31]
2020-04-06 15:35:53.677 [restartedMain] INFO  o.a.c.core.ContainerBase.[Tomcat].[localhost].[/] - Initializing Spring embedded WebApplicationContext
2020-04-06 15:35:53.677 [restartedMain] INFO  org.springframework.web.context.ContextLoader - Root WebApplicationContext: initialization completed in 1796 ms
2020-04-06 15:35:53.708 [restartedMain] INFO  com.zaxxer.hikari.HikariDataSource - HikariPool-1 - Starting...
2020-04-06 15:35:53.795 [restartedMain] INFO  com.zaxxer.hikari.HikariDataSource - HikariPool-1 - Start completed.
2020-04-06 15:35:53.800 [restartedMain] INFO  o.s.b.autoconfigure.h2.H2ConsoleAutoConfiguration - H2 console available at '/h2-console'. Database available at 'jdbc:h2:mem:testdb'
2020-04-06 15:35:53.933 [restartedMain] INFO  org.hibernate.jpa.internal.util.LogHelper - HHH000204: Processing PersistenceUnitInfo [name: default]
2020-04-06 15:35:53.997 [restartedMain] INFO  org.hibernate.Version - HHH000412: Hibernate ORM core version 5.4.12.Final
2020-04-06 15:35:54.115 [restartedMain] INFO  org.hibernate.annotations.common.Version - HCANN000001: Hibernate Commons Annotations {5.1.0.Final}
2020-04-06 15:35:54.218 [restartedMain] INFO  org.hibernate.dialect.Dialect - HHH000400: Using dialect: org.hibernate.dialect.H2Dialect
2020-04-06 15:35:54.772 [restartedMain] INFO  o.h.e.t.jta.platform.internal.JtaPlatformInitiator - HHH000490: Using JtaPlatform implementation: [org.hibernate.engine.transaction.jta.platform.internal.NoJtaPlatform]
2020-04-06 15:35:54.781 [restartedMain] INFO  o.s.orm.jpa.LocalContainerEntityManagerFactoryBean - Initialized JPA EntityManagerFactory for persistence unit 'default'
2020-04-06 15:35:54.798 [restartedMain] INFO  o.s.b.d.autoconfigure.OptionalLiveReloadServer - LiveReload server is running on port 35729
2020-04-06 15:35:55.122 [restartedMain] INFO  o.s.b.a.s.s.UserDetailsServiceAutoConfiguration - 

Using generated security password: d447e164-9aaa-40b5-8c37-117849c4d68d

2020-04-06 15:35:55.189 [restartedMain] INFO  com.dmzcoding.walnuts.config.SecurityConfig - SecurityConfigurerInited
2020-04-06 15:35:55.192 [restartedMain] INFO  o.s.security.web.DefaultSecurityFilterChain - Creating filter chain: Ant [pattern='/assets/**'], []
2020-04-06 15:35:55.193 [restartedMain] INFO  o.s.security.web.DefaultSecurityFilterChain - Creating filter chain: Ant [pattern='/webjars/**'], []
2020-04-06 15:35:55.235 [restartedMain] INFO  o.s.security.web.DefaultSecurityFilterChain - Creating filter chain: any request, [org.springframework.security.web.context.request.async.WebAsyncManagerIntegrationFilter@6a229308, org.springframework.security.web.context.SecurityContextPersistenceFilter@4878b0f2, org.springframework.security.web.header.HeaderWriterFilter@5aaead, org.springframework.security.web.csrf.CsrfFilter@7eabbcda, org.springframework.security.web.authentication.logout.LogoutFilter@7b91a288, org.springframework.security.web.authentication.UsernamePasswordAuthenticationFilter@1254d76b, org.springframework.security.web.authentication.www.BasicAuthenticationFilter@1cf7724c, org.springframework.security.web.savedrequest.RequestCacheAwareFilter@67459db1, org.springframework.security.web.servletapi.SecurityContextHolderAwareRequestFilter@1faca603, org.springframework.security.web.authentication.AnonymousAuthenticationFilter@50683d25, org.springframework.security.web.session.SessionManagementFilter@3ace60f8, org.springframework.security.web.access.ExceptionTranslationFilter@3c8976a9, org.springframework.security.web.access.intercept.FilterSecurityInterceptor@1127c457]
2020-04-06 15:35:55.602 [restartedMain] INFO  o.s.scheduling.concurrent.ThreadPoolTaskExecutor - Initializing ExecutorService 'applicationTaskExecutor'
2020-04-06 15:35:55.666 [restartedMain] INFO  o.s.b.a.web.servlet.WelcomePageHandlerMapping - Adding welcome page template: index
2020-04-06 15:35:56.326 [restartedMain] INFO  org.apache.coyote.http11.Http11NioProtocol - Starting ProtocolHandler ["http-nio-8080"]
2020-04-06 15:35:56.348 [restartedMain] INFO  o.s.boot.web.embedded.tomcat.TomcatWebServer - Tomcat started on port(s): 8080 (http) with context path ''
2020-04-06 15:35:56.350 [restartedMain] INFO  com.dmzcoding.walnuts.WalnutsKtApplicationKt - Started WalnutsKtApplicationKt in 4.803 seconds (JVM running for 5.457)
